<?xml version="1.0" encoding="UTF-8"?>
<!-- Generated by org.testng.reporters.JUnitReportReporter -->
<testsuite hostname="DESKTOP-3DPRU8F" failures="0" tests="4" name="Class" time="34.066" errors="0" timestamp="2023-12-18T21:46:41 PST" skipped="2">
  <testcase classname="Class" name="Multiply" time="15.733"/>
  <system-out/>
  <testcase classname="Class" name="ClickOnOddNumber" time="18.333"/>
  <system-out/>
  <testcase classname="Class" name="ClickOnEvenNumber">
    <skipped/>
  </testcase> <!-- ClickOnEvenNumber -->
  <system-out/>
  <testcase classname="Class" name="AddAllNumbers">
    <skipped/>
  </testcase> <!-- AddAllNumbers -->
  <system-out/>
</testsuite> <!-- Class -->
